20:35:03 INFO  : Registering command handlers for SDK TCF services
20:35:03 INFO  : Launching XSCT server: xsct.bat -interactive C:\hdl_projects\nexys_video\project_1\project_1.sdk\temp_xsdb_launch_script.tcl
20:35:05 INFO  : XSCT server has started successfully.
20:35:05 INFO  : Successfully done setting XSCT server connection channel  
20:35:08 INFO  : Successfully done setting SDK workspace  
20:35:08 INFO  : Processing command line option -hwspec C:/hdl_projects/nexys_video/project_1/project_1.sdk/design_1_wrapper.hdf.
20:36:08 INFO  : 'targets -set -filter {jtag_cable_name =~ "Digilent Nexys Video 210276689899B" && level==0} -index 0' command is executed.
20:36:08 INFO  : 'fpga -state' command is executed.
20:36:08 INFO  : Connected to target on host '127.0.0.1' and port '3121'.
20:36:09 INFO  : Jtag cable 'Digilent Nexys Video 210276689899B' is selected.
20:36:09 INFO  : 'jtag frequency' command is executed.
20:36:10 INFO  : Context for processor 'microblaze_0' is selected.
20:36:10 INFO  : Processor reset is completed for 'microblaze_0'.
20:36:10 INFO  : Context for processor 'microblaze_0' is selected.
20:36:11 INFO  : The application 'C:/hdl_projects/nexys_video/project_1/project_1.sdk/fmc_hdmi/Debug/fmc_hdmi.elf' is downloaded to processor 'microblaze_0'.
20:36:11 INFO  : ----------------XSDB Script----------------
connect -url tcp:127.0.0.1:3121
targets -set -nocase -filter {name =~ "microblaze*#0" && bscan=="USER2"  && jtag_cable_name =~ "Digilent Nexys Video 210276689899B"} -index 0
rst -processor
targets -set -nocase -filter {name =~ "microblaze*#0" && bscan=="USER2"  && jtag_cable_name =~ "Digilent Nexys Video 210276689899B"} -index 0
dow C:/hdl_projects/nexys_video/project_1/project_1.sdk/fmc_hdmi/Debug/fmc_hdmi.elf
----------------End of Script----------------

20:36:11 INFO  : Memory regions updated for context MicroBlaze #0
20:36:11 INFO  : Memory regions updated for context MicroBlaze #0
20:36:11 INFO  : Context for processor 'microblaze_0' is selected.
20:36:12 INFO  : 'con' command is executed.
20:36:12 INFO  : ----------------XSDB Script (After Launch)----------------
targets -set -nocase -filter {name =~ "microblaze*#0" && bscan=="USER2"  && jtag_cable_name =~ "Digilent Nexys Video 210276689899B"} -index 0
con
----------------End of Script----------------

20:36:12 INFO  : Launch script is exported to file 'C:\hdl_projects\nexys_video\project_1\project_1.sdk\.sdk\launch_scripts\xilinx_c-c++_application_(system_debugger)\system_debugger_using_debug_fmc_hdmi.elf_on_local.tcl'
20:57:24 INFO  : Disconnected from the channel tcfchan#1.
20:57:25 INFO  : 'targets -set -filter {jtag_cable_name =~ "Digilent Nexys Video 210276689899B" && level==0} -index 0' command is executed.
20:57:25 INFO  : 'fpga -state' command is executed.
21:00:59 INFO  : Connected to target on host '127.0.0.1' and port '3121'.
21:00:59 INFO  : Jtag cable 'Digilent Nexys Video 210276689899B' is selected.
21:00:59 INFO  : 'jtag frequency' command is executed.
21:01:00 INFO  : 'targets -set -filter {jtag_cable_name =~ "Digilent Nexys Video 210276689899B" && level==0} -index 0' command is executed.
21:01:05 INFO  : FPGA configured successfully with bitstream "C:/hdl_projects/nexys_video/project_1/project_1.sdk/design_1_wrapper_hw_platform_0/design_1_wrapper.bit"
21:01:05 INFO  : Context for processor 'microblaze_0' is selected.
21:01:05 INFO  : Processor reset is completed for 'microblaze_0'.
21:01:05 INFO  : Context for processor 'microblaze_0' is selected.
21:01:05 INFO  : The application 'C:/hdl_projects/nexys_video/project_1/project_1.sdk/fmc_hdmi/Debug/fmc_hdmi.elf' is downloaded to processor 'microblaze_0'.
21:01:05 INFO  : ----------------XSDB Script----------------
connect -url tcp:127.0.0.1:3121
targets -set -filter {jtag_cable_name =~ "Digilent Nexys Video 210276689899B" && level==0} -index 0
fpga -file C:/hdl_projects/nexys_video/project_1/project_1.sdk/design_1_wrapper_hw_platform_0/design_1_wrapper.bit
targets -set -nocase -filter {name =~ "microblaze*#0" && bscan=="USER2"  && jtag_cable_name =~ "Digilent Nexys Video 210276689899B"} -index 0
rst -processor
targets -set -nocase -filter {name =~ "microblaze*#0" && bscan=="USER2"  && jtag_cable_name =~ "Digilent Nexys Video 210276689899B"} -index 0
dow C:/hdl_projects/nexys_video/project_1/project_1.sdk/fmc_hdmi/Debug/fmc_hdmi.elf
----------------End of Script----------------

21:01:05 INFO  : Memory regions updated for context MicroBlaze #0
21:01:05 INFO  : Memory regions updated for context MicroBlaze #0
21:01:05 INFO  : Context for processor 'microblaze_0' is selected.
21:01:05 INFO  : 'con' command is executed.
21:01:05 INFO  : ----------------XSDB Script (After Launch)----------------
targets -set -nocase -filter {name =~ "microblaze*#0" && bscan=="USER2"  && jtag_cable_name =~ "Digilent Nexys Video 210276689899B"} -index 0
con
----------------End of Script----------------

21:01:06 INFO  : Launch script is exported to file 'C:\hdl_projects\nexys_video\project_1\project_1.sdk\.sdk\launch_scripts\xilinx_c-c++_application_(system_debugger)\system_debugger_using_debug_fmc_hdmi.elf_on_local.tcl'
21:06:13 INFO  : Disconnected from the channel tcfchan#2.
21:06:14 INFO  : Connected to target on host '127.0.0.1' and port '3121'.
21:06:15 INFO  : Jtag cable 'Digilent Nexys Video 210276689899B' is selected.
21:06:15 INFO  : 'jtag frequency' command is executed.
21:06:15 INFO  : 'targets -set -filter {jtag_cable_name =~ "Digilent Nexys Video 210276689899B" && level==0} -index 0' command is executed.
21:06:20 INFO  : FPGA configured successfully with bitstream "C:/hdl_projects/nexys_video/project_1/project_1.sdk/design_1_wrapper_hw_platform_0/design_1_wrapper.bit"
21:06:20 INFO  : Context for processor 'microblaze_0' is selected.
21:06:20 INFO  : Processor reset is completed for 'microblaze_0'.
21:06:21 INFO  : Context for processor 'microblaze_0' is selected.
21:06:21 INFO  : The application 'C:/hdl_projects/nexys_video/project_1/project_1.sdk/fmc_hdmi/Debug/fmc_hdmi.elf' is downloaded to processor 'microblaze_0'.
21:06:21 INFO  : ----------------XSDB Script----------------
connect -url tcp:127.0.0.1:3121
targets -set -filter {jtag_cable_name =~ "Digilent Nexys Video 210276689899B" && level==0} -index 0
fpga -file C:/hdl_projects/nexys_video/project_1/project_1.sdk/design_1_wrapper_hw_platform_0/design_1_wrapper.bit
targets -set -nocase -filter {name =~ "microblaze*#0" && bscan=="USER2"  && jtag_cable_name =~ "Digilent Nexys Video 210276689899B"} -index 0
rst -processor
targets -set -nocase -filter {name =~ "microblaze*#0" && bscan=="USER2"  && jtag_cable_name =~ "Digilent Nexys Video 210276689899B"} -index 0
dow C:/hdl_projects/nexys_video/project_1/project_1.sdk/fmc_hdmi/Debug/fmc_hdmi.elf
----------------End of Script----------------

21:06:21 INFO  : Memory regions updated for context MicroBlaze #0
21:06:21 INFO  : Memory regions updated for context MicroBlaze #0
21:06:21 INFO  : Context for processor 'microblaze_0' is selected.
21:06:21 INFO  : 'con' command is executed.
21:06:21 INFO  : ----------------XSDB Script (After Launch)----------------
targets -set -nocase -filter {name =~ "microblaze*#0" && bscan=="USER2"  && jtag_cable_name =~ "Digilent Nexys Video 210276689899B"} -index 0
con
----------------End of Script----------------

21:06:21 INFO  : Launch script is exported to file 'C:\hdl_projects\nexys_video\project_1\project_1.sdk\.sdk\launch_scripts\xilinx_c-c++_application_(system_debugger)\system_debugger_using_debug_fmc_hdmi.elf_on_local.tcl'
21:07:44 INFO  : Disconnected from the channel tcfchan#3.
21:07:45 INFO  : Connected to target on host '127.0.0.1' and port '3121'.
21:07:45 INFO  : Jtag cable 'Digilent Nexys Video 210276689899B' is selected.
21:07:45 INFO  : 'jtag frequency' command is executed.
21:07:45 INFO  : 'targets -set -filter {jtag_cable_name =~ "Digilent Nexys Video 210276689899B" && level==0} -index 0' command is executed.
21:07:51 INFO  : FPGA configured successfully with bitstream "C:/hdl_projects/nexys_video/project_1/project_1.sdk/design_1_wrapper_hw_platform_0/design_1_wrapper.bit"
21:07:51 INFO  : Context for processor 'microblaze_0' is selected.
21:07:51 INFO  : Processor reset is completed for 'microblaze_0'.
21:07:51 INFO  : Context for processor 'microblaze_0' is selected.
21:07:51 INFO  : The application 'C:/hdl_projects/nexys_video/project_1/project_1.sdk/fmc_hdmi/Debug/fmc_hdmi.elf' is downloaded to processor 'microblaze_0'.
21:07:51 INFO  : ----------------XSDB Script----------------
connect -url tcp:127.0.0.1:3121
targets -set -filter {jtag_cable_name =~ "Digilent Nexys Video 210276689899B" && level==0} -index 0
fpga -file C:/hdl_projects/nexys_video/project_1/project_1.sdk/design_1_wrapper_hw_platform_0/design_1_wrapper.bit
targets -set -nocase -filter {name =~ "microblaze*#0" && bscan=="USER2"  && jtag_cable_name =~ "Digilent Nexys Video 210276689899B"} -index 0
rst -processor
targets -set -nocase -filter {name =~ "microblaze*#0" && bscan=="USER2"  && jtag_cable_name =~ "Digilent Nexys Video 210276689899B"} -index 0
dow C:/hdl_projects/nexys_video/project_1/project_1.sdk/fmc_hdmi/Debug/fmc_hdmi.elf
----------------End of Script----------------

21:07:51 INFO  : Memory regions updated for context MicroBlaze #0
21:07:51 INFO  : Memory regions updated for context MicroBlaze #0
21:07:51 INFO  : Context for processor 'microblaze_0' is selected.
21:07:51 INFO  : 'con' command is executed.
21:07:51 INFO  : ----------------XSDB Script (After Launch)----------------
targets -set -nocase -filter {name =~ "microblaze*#0" && bscan=="USER2"  && jtag_cable_name =~ "Digilent Nexys Video 210276689899B"} -index 0
con
----------------End of Script----------------

21:07:51 INFO  : Launch script is exported to file 'C:\hdl_projects\nexys_video\project_1\project_1.sdk\.sdk\launch_scripts\xilinx_c-c++_application_(system_debugger)\system_debugger_using_debug_fmc_hdmi.elf_on_local.tcl'
21:08:50 INFO  : Disconnected from the channel tcfchan#4.
21:08:51 INFO  : Connected to target on host '127.0.0.1' and port '3121'.
21:08:51 INFO  : Jtag cable 'Digilent Nexys Video 210276689899B' is selected.
21:08:51 INFO  : 'jtag frequency' command is executed.
21:08:51 INFO  : 'targets -set -filter {jtag_cable_name =~ "Digilent Nexys Video 210276689899B" && level==0} -index 0' command is executed.
21:08:57 INFO  : FPGA configured successfully with bitstream "C:/hdl_projects/nexys_video/project_1/project_1.sdk/design_1_wrapper_hw_platform_0/design_1_wrapper.bit"
21:08:57 INFO  : Context for processor 'microblaze_0' is selected.
21:08:57 INFO  : Processor reset is completed for 'microblaze_0'.
21:08:57 INFO  : Context for processor 'microblaze_0' is selected.
21:08:57 INFO  : The application 'C:/hdl_projects/nexys_video/project_1/project_1.sdk/fmc_hdmi/Debug/fmc_hdmi.elf' is downloaded to processor 'microblaze_0'.
21:08:57 INFO  : ----------------XSDB Script----------------
connect -url tcp:127.0.0.1:3121
targets -set -filter {jtag_cable_name =~ "Digilent Nexys Video 210276689899B" && level==0} -index 0
fpga -file C:/hdl_projects/nexys_video/project_1/project_1.sdk/design_1_wrapper_hw_platform_0/design_1_wrapper.bit
targets -set -nocase -filter {name =~ "microblaze*#0" && bscan=="USER2"  && jtag_cable_name =~ "Digilent Nexys Video 210276689899B"} -index 0
rst -processor
targets -set -nocase -filter {name =~ "microblaze*#0" && bscan=="USER2"  && jtag_cable_name =~ "Digilent Nexys Video 210276689899B"} -index 0
dow C:/hdl_projects/nexys_video/project_1/project_1.sdk/fmc_hdmi/Debug/fmc_hdmi.elf
----------------End of Script----------------

21:08:57 INFO  : Memory regions updated for context MicroBlaze #0
21:08:57 INFO  : Memory regions updated for context MicroBlaze #0
21:08:57 INFO  : Context for processor 'microblaze_0' is selected.
21:08:57 INFO  : 'con' command is executed.
21:08:57 INFO  : ----------------XSDB Script (After Launch)----------------
targets -set -nocase -filter {name =~ "microblaze*#0" && bscan=="USER2"  && jtag_cable_name =~ "Digilent Nexys Video 210276689899B"} -index 0
con
----------------End of Script----------------

21:08:57 INFO  : Launch script is exported to file 'C:\hdl_projects\nexys_video\project_1\project_1.sdk\.sdk\launch_scripts\xilinx_c-c++_application_(system_debugger)\system_debugger_using_debug_fmc_hdmi.elf_on_local.tcl'
22:07:13 INFO  : Disconnected from the channel tcfchan#5.
13:28:40 INFO  : Registering command handlers for SDK TCF services
13:28:40 INFO  : Launching XSCT server: xsct.bat -interactive C:\hdl_projects\nexys_video\project_1\project_1.sdk\temp_xsdb_launch_script.tcl
13:28:44 INFO  : XSCT server has started successfully.
13:28:51 INFO  : Successfully done setting XSCT server connection channel  
13:28:51 INFO  : Processing command line option -hwspec C:/hdl_projects/nexys_video/project_1/project_1.sdk/design_1_wrapper.hdf.
13:28:51 INFO  : Successfully done setting SDK workspace  
13:28:51 INFO  : Checking for hwspec changes in the project design_1_wrapper_hw_platform_0.
13:28:51 INFO  : SDK has detected change in the last modified timestamps for source hardware specification file Source:1507972486097,  Project:1507922660777
13:28:51 INFO  : The hardware specification for project 'design_1_wrapper_hw_platform_0' is different from C:/hdl_projects/nexys_video/project_1/project_1.sdk/design_1_wrapper.hdf.
13:28:52 INFO  : Copied contents of C:/hdl_projects/nexys_video/project_1/project_1.sdk/design_1_wrapper.hdf into \design_1_wrapper_hw_platform_0\system.hdf.
13:28:53 INFO  : Synchronizing projects in the workspace with the hardware platform specification changes.
13:28:58 INFO  : 
13:29:00 INFO  : Updating hardware inferred compiler options for fmc_hdmi.
13:29:00 INFO  : Clearing existing target manager status.
13:46:58 INFO  : Connected to target on host '127.0.0.1' and port '3121'.
13:47:01 INFO  : Jtag cable 'Digilent Nexys Video 210276689899B' is selected.
13:47:01 INFO  : 'jtag frequency' command is executed.
13:47:03 INFO  : 'targets -set -filter {jtag_cable_name =~ "Digilent Nexys Video 210276689899B" && level==0} -index 0' command is executed.
13:47:10 INFO  : FPGA configured successfully with bitstream "C:/hdl_projects/nexys_video/project_1/project_1.sdk/design_1_wrapper_hw_platform_0/design_1_wrapper.bit"
13:47:11 INFO  : Context for processor 'microblaze_0' is selected.
13:47:11 INFO  : Processor reset is completed for 'microblaze_0'.
13:47:11 INFO  : Context for processor 'microblaze_0' is selected.
13:47:11 INFO  : The application 'C:/hdl_projects/nexys_video/project_1/project_1.sdk/fmc_hdmi/Debug/fmc_hdmi.elf' is downloaded to processor 'microblaze_0'.
13:47:11 INFO  : ----------------XSDB Script----------------
connect -url tcp:127.0.0.1:3121
targets -set -filter {jtag_cable_name =~ "Digilent Nexys Video 210276689899B" && level==0} -index 0
fpga -file C:/hdl_projects/nexys_video/project_1/project_1.sdk/design_1_wrapper_hw_platform_0/design_1_wrapper.bit
targets -set -nocase -filter {name =~ "microblaze*#0" && bscan=="USER2"  && jtag_cable_name =~ "Digilent Nexys Video 210276689899B"} -index 0
rst -processor
targets -set -nocase -filter {name =~ "microblaze*#0" && bscan=="USER2"  && jtag_cable_name =~ "Digilent Nexys Video 210276689899B"} -index 0
dow C:/hdl_projects/nexys_video/project_1/project_1.sdk/fmc_hdmi/Debug/fmc_hdmi.elf
----------------End of Script----------------

13:47:11 INFO  : Memory regions updated for context MicroBlaze #0
13:47:11 INFO  : Memory regions updated for context MicroBlaze #0
13:47:11 INFO  : Context for processor 'microblaze_0' is selected.
13:47:11 INFO  : 'con' command is executed.
13:47:11 INFO  : ----------------XSDB Script (After Launch)----------------
targets -set -nocase -filter {name =~ "microblaze*#0" && bscan=="USER2"  && jtag_cable_name =~ "Digilent Nexys Video 210276689899B"} -index 0
con
----------------End of Script----------------

13:47:11 INFO  : Launch script is exported to file 'C:\hdl_projects\nexys_video\project_1\project_1.sdk\.sdk\launch_scripts\xilinx_c-c++_application_(system_debugger)\system_debugger_using_debug_fmc_hdmi.elf_on_local.tcl'
13:49:27 INFO  : Project 'hw' created. You can now create BSPs and application projects targeting this hardware platform.
13:50:18 INFO  : Disconnected from the channel tcfchan#1.
13:51:19 INFO  : Connected to target on host '127.0.0.1' and port '3121'.
13:51:19 INFO  : Jtag cable 'Digilent Nexys Video 210276689899B' is selected.
13:51:19 INFO  : 'jtag frequency' command is executed.
13:51:20 INFO  : 'targets -set -filter {jtag_cable_name =~ "Digilent Nexys Video 210276689899B" && level==0} -index 0' command is executed.
13:51:25 INFO  : FPGA configured successfully with bitstream "C:/hdl_projects/nexys_video/project_1/project_1.sdk/hw/design_1_wrapper.bit"
13:51:26 INFO  : Context for processor 'microblaze_0' is selected.
13:51:26 INFO  : Processor reset is completed for 'microblaze_0'.
13:51:26 INFO  : Context for processor 'microblaze_0' is selected.
13:51:26 INFO  : The application 'C:/hdl_projects/nexys_video/project_1/project_1.sdk/fmc_hdmi/Debug/fmc_hdmi.elf' is downloaded to processor 'microblaze_0'.
13:51:26 INFO  : ----------------XSDB Script----------------
connect -url tcp:127.0.0.1:3121
targets -set -filter {jtag_cable_name =~ "Digilent Nexys Video 210276689899B" && level==0} -index 0
fpga -file C:/hdl_projects/nexys_video/project_1/project_1.sdk/hw/design_1_wrapper.bit
targets -set -nocase -filter {name =~ "microblaze*#0" && bscan=="USER2"  && jtag_cable_name =~ "Digilent Nexys Video 210276689899B"} -index 0
rst -processor
targets -set -nocase -filter {name =~ "microblaze*#0" && bscan=="USER2"  && jtag_cable_name =~ "Digilent Nexys Video 210276689899B"} -index 0
dow C:/hdl_projects/nexys_video/project_1/project_1.sdk/fmc_hdmi/Debug/fmc_hdmi.elf
----------------End of Script----------------

13:51:26 INFO  : Memory regions updated for context MicroBlaze #0
13:51:26 INFO  : Memory regions updated for context MicroBlaze #0
13:51:26 INFO  : Context for processor 'microblaze_0' is selected.
13:51:26 INFO  : 'con' command is executed.
13:51:26 INFO  : ----------------XSDB Script (After Launch)----------------
targets -set -nocase -filter {name =~ "microblaze*#0" && bscan=="USER2"  && jtag_cable_name =~ "Digilent Nexys Video 210276689899B"} -index 0
con
----------------End of Script----------------

13:51:26 INFO  : Launch script is exported to file 'C:\hdl_projects\nexys_video\project_1\project_1.sdk\.sdk\launch_scripts\xilinx_c-c++_application_(system_debugger)\system_debugger_using_debug_fmc_hdmi.elf_on_local.tcl'
13:52:41 INFO  : Disconnected from the channel tcfchan#2.
13:52:55 INFO  : Connected to target on host '127.0.0.1' and port '3121'.
13:53:24 INFO  : ----------------XSDB Script----------------
connect -url tcp:127.0.0.1:3121
----------------End of Script----------------

13:53:35 INFO  : Connected to target on host '127.0.0.1' and port '3121'.
13:53:48 INFO  : ----------------XSDB Script----------------
connect -url tcp:127.0.0.1:3121
----------------End of Script----------------

13:54:02 INFO  : Connected to target on host '127.0.0.1' and port '3121'.
13:54:18 INFO  : ----------------XSDB Script----------------
connect -url tcp:127.0.0.1:3121
----------------End of Script----------------

13:54:59 INFO  : Connected to target on host '127.0.0.1' and port '3121'.
13:55:12 INFO  : ----------------XSDB Script----------------
connect -url tcp:127.0.0.1:3121
----------------End of Script----------------

13:55:35 ERROR : Unexpected error while parsing XMD response ?: com.google.gson.JsonSyntaxException: com.google.gson.stream.MalformedJsonException: invalid number or unquoted string near 
13:56:09 INFO  : Registering command handlers for SDK TCF services
13:56:10 INFO  : Launching XSCT server: xsct.bat -interactive C:\hdl_projects\nexys_video\project_1\project_1.sdk\temp_xsdb_launch_script.tcl
13:56:13 INFO  : XSCT server has started successfully.
13:56:13 INFO  : Successfully done setting XSCT server connection channel  
13:56:18 INFO  : Successfully done setting SDK workspace  
13:56:18 INFO  : Processing command line option -hwspec C:/hdl_projects/nexys_video/project_1/project_1.sdk/design_1_wrapper.hdf.
13:56:38 INFO  : Connected to target on host '127.0.0.1' and port '3121'.
13:56:48 INFO  : ----------------XSDB Script----------------
connect -url tcp:127.0.0.1:3121
----------------End of Script----------------

13:57:33 INFO  : Connected to target on host '127.0.0.1' and port '3121'.
13:57:48 INFO  : ----------------XSDB Script----------------
connect -url tcp:127.0.0.1:3121
----------------End of Script----------------

14:01:26 INFO  : Launching XSCT server: xsct.bat -interactive C:\hdl_projects\nexys_video\project_1\project_1.sdk\temp_xsdb_launch_script.tcl
14:01:29 INFO  : XSCT server has started successfully.
14:01:29 INFO  : Successfully done setting XSCT server connection channel  
14:01:35 INFO  : Successfully done setting SDK workspace  
14:01:39 INFO  : Registering command handlers for SDK TCF services
14:01:39 INFO  : Processing command line option -hwspec C:/hdl_projects/nexys_video/project_1/project_1.sdk/design_1_wrapper.hdf.
14:02:01 INFO  : Connected to target on host '127.0.0.1' and port '3121'.
14:02:04 INFO  : Jtag cable 'Digilent Nexys Video 210276689899B' is selected.
14:02:04 INFO  : 'jtag frequency' command is executed.
14:02:05 INFO  : 'targets -set -filter {jtag_cable_name =~ "Digilent Nexys Video 210276689899B" && level==0} -index 0' command is executed.
14:02:12 INFO  : FPGA configured successfully with bitstream "C:/hdl_projects/nexys_video/project_1/project_1.sdk/hw/design_1_wrapper.bit"
14:02:13 INFO  : Context for processor 'microblaze_0' is selected.
14:02:13 INFO  : Processor reset is completed for 'microblaze_0'.
14:02:13 INFO  : Context for processor 'microblaze_0' is selected.
14:02:13 INFO  : The application 'C:/hdl_projects/nexys_video/project_1/project_1.sdk/fmc_hdmi/Debug/fmc_hdmi.elf' is downloaded to processor 'microblaze_0'.
14:02:13 INFO  : ----------------XSDB Script----------------
connect -url tcp:127.0.0.1:3121
targets -set -filter {jtag_cable_name =~ "Digilent Nexys Video 210276689899B" && level==0} -index 0
fpga -file C:/hdl_projects/nexys_video/project_1/project_1.sdk/hw/design_1_wrapper.bit
targets -set -nocase -filter {name =~ "microblaze*#0" && bscan=="USER2"  && jtag_cable_name =~ "Digilent Nexys Video 210276689899B"} -index 0
rst -processor
targets -set -nocase -filter {name =~ "microblaze*#0" && bscan=="USER2"  && jtag_cable_name =~ "Digilent Nexys Video 210276689899B"} -index 0
dow C:/hdl_projects/nexys_video/project_1/project_1.sdk/fmc_hdmi/Debug/fmc_hdmi.elf
----------------End of Script----------------

14:02:14 INFO  : Memory regions updated for context MicroBlaze #0
14:02:14 INFO  : Memory regions updated for context MicroBlaze #0
14:02:14 INFO  : Context for processor 'microblaze_0' is selected.
14:02:14 INFO  : 'con' command is executed.
14:02:14 INFO  : ----------------XSDB Script (After Launch)----------------
targets -set -nocase -filter {name =~ "microblaze*#0" && bscan=="USER2"  && jtag_cable_name =~ "Digilent Nexys Video 210276689899B"} -index 0
con
----------------End of Script----------------

14:02:14 INFO  : Launch script is exported to file 'C:\hdl_projects\nexys_video\project_1\project_1.sdk\.sdk\launch_scripts\xilinx_c-c++_application_(system_debugger)\system_debugger_using_debug_fmc_hdmi.elf_on_local.tcl'
14:10:53 INFO  : Disconnected from the channel tcfchan#1.
14:10:54 INFO  : Connected to target on host '127.0.0.1' and port '3121'.
14:10:54 INFO  : Jtag cable 'Digilent Nexys Video 210276689899B' is selected.
14:10:54 INFO  : 'jtag frequency' command is executed.
14:10:54 INFO  : 'targets -set -filter {jtag_cable_name =~ "Digilent Nexys Video 210276689899B" && level==0} -index 0' command is executed.
14:11:00 INFO  : FPGA configured successfully with bitstream "C:/hdl_projects/nexys_video/project_1/project_1.sdk/hw/design_1_wrapper.bit"
14:11:00 INFO  : Context for processor 'microblaze_0' is selected.
14:11:00 INFO  : Processor reset is completed for 'microblaze_0'.
14:11:00 INFO  : Context for processor 'microblaze_0' is selected.
14:11:00 INFO  : The application 'C:/hdl_projects/nexys_video/project_1/project_1.sdk/fmc_hdmi/Debug/fmc_hdmi.elf' is downloaded to processor 'microblaze_0'.
14:11:00 INFO  : ----------------XSDB Script----------------
connect -url tcp:127.0.0.1:3121
targets -set -filter {jtag_cable_name =~ "Digilent Nexys Video 210276689899B" && level==0} -index 0
fpga -file C:/hdl_projects/nexys_video/project_1/project_1.sdk/hw/design_1_wrapper.bit
targets -set -nocase -filter {name =~ "microblaze*#0" && bscan=="USER2"  && jtag_cable_name =~ "Digilent Nexys Video 210276689899B"} -index 0
rst -processor
targets -set -nocase -filter {name =~ "microblaze*#0" && bscan=="USER2"  && jtag_cable_name =~ "Digilent Nexys Video 210276689899B"} -index 0
dow C:/hdl_projects/nexys_video/project_1/project_1.sdk/fmc_hdmi/Debug/fmc_hdmi.elf
----------------End of Script----------------

14:11:00 INFO  : Memory regions updated for context MicroBlaze #0
14:11:00 INFO  : Memory regions updated for context MicroBlaze #0
14:11:00 INFO  : Context for processor 'microblaze_0' is selected.
14:11:00 INFO  : 'con' command is executed.
14:11:00 INFO  : ----------------XSDB Script (After Launch)----------------
targets -set -nocase -filter {name =~ "microblaze*#0" && bscan=="USER2"  && jtag_cable_name =~ "Digilent Nexys Video 210276689899B"} -index 0
con
----------------End of Script----------------

14:11:00 INFO  : Launch script is exported to file 'C:\hdl_projects\nexys_video\project_1\project_1.sdk\.sdk\launch_scripts\xilinx_c-c++_application_(system_debugger)\system_debugger_using_debug_fmc_hdmi.elf_on_local.tcl'
14:28:53 INFO  : Disconnected from the channel tcfchan#2.
14:28:54 INFO  : Connected to target on host '127.0.0.1' and port '3121'.
14:28:54 INFO  : Jtag cable 'Digilent Nexys Video 210276689899B' is selected.
14:28:54 INFO  : 'jtag frequency' command is executed.
14:28:54 INFO  : 'targets -set -filter {jtag_cable_name =~ "Digilent Nexys Video 210276689899B" && level==0} -index 0' command is executed.
14:29:00 INFO  : FPGA configured successfully with bitstream "C:/hdl_projects/nexys_video/project_1/project_1.sdk/hw/design_1_wrapper.bit"
14:29:00 INFO  : Context for processor 'microblaze_0' is selected.
14:29:00 INFO  : Processor reset is completed for 'microblaze_0'.
14:29:00 INFO  : Context for processor 'microblaze_0' is selected.
14:29:00 INFO  : The application 'C:/hdl_projects/nexys_video/project_1/project_1.sdk/fmc_hdmi/Debug/fmc_hdmi.elf' is downloaded to processor 'microblaze_0'.
14:29:00 INFO  : ----------------XSDB Script----------------
connect -url tcp:127.0.0.1:3121
targets -set -filter {jtag_cable_name =~ "Digilent Nexys Video 210276689899B" && level==0} -index 0
fpga -file C:/hdl_projects/nexys_video/project_1/project_1.sdk/hw/design_1_wrapper.bit
targets -set -nocase -filter {name =~ "microblaze*#0" && bscan=="USER2"  && jtag_cable_name =~ "Digilent Nexys Video 210276689899B"} -index 0
rst -processor
targets -set -nocase -filter {name =~ "microblaze*#0" && bscan=="USER2"  && jtag_cable_name =~ "Digilent Nexys Video 210276689899B"} -index 0
dow C:/hdl_projects/nexys_video/project_1/project_1.sdk/fmc_hdmi/Debug/fmc_hdmi.elf
----------------End of Script----------------

14:29:00 INFO  : Memory regions updated for context MicroBlaze #0
14:29:00 INFO  : Memory regions updated for context MicroBlaze #0
14:29:00 INFO  : Context for processor 'microblaze_0' is selected.
14:29:00 INFO  : 'con' command is executed.
14:29:00 INFO  : ----------------XSDB Script (After Launch)----------------
targets -set -nocase -filter {name =~ "microblaze*#0" && bscan=="USER2"  && jtag_cable_name =~ "Digilent Nexys Video 210276689899B"} -index 0
con
----------------End of Script----------------

14:29:00 INFO  : Launch script is exported to file 'C:\hdl_projects\nexys_video\project_1\project_1.sdk\.sdk\launch_scripts\xilinx_c-c++_application_(system_debugger)\system_debugger_using_debug_fmc_hdmi.elf_on_local.tcl'
14:42:55 INFO  : Disconnected from the channel tcfchan#3.
14:42:56 INFO  : Connected to target on host '127.0.0.1' and port '3121'.
14:42:56 INFO  : Jtag cable 'Digilent Nexys Video 210276689899B' is selected.
14:42:56 INFO  : 'jtag frequency' command is executed.
14:42:56 INFO  : 'targets -set -filter {jtag_cable_name =~ "Digilent Nexys Video 210276689899B" && level==0} -index 0' command is executed.
14:43:02 INFO  : FPGA configured successfully with bitstream "C:/hdl_projects/nexys_video/project_1/project_1.sdk/hw/design_1_wrapper.bit"
14:43:02 INFO  : Context for processor 'microblaze_0' is selected.
14:43:02 INFO  : Processor reset is completed for 'microblaze_0'.
14:43:02 INFO  : Context for processor 'microblaze_0' is selected.
14:43:02 INFO  : The application 'C:/hdl_projects/nexys_video/project_1/project_1.sdk/fmc_hdmi/Debug/fmc_hdmi.elf' is downloaded to processor 'microblaze_0'.
14:43:02 INFO  : ----------------XSDB Script----------------
connect -url tcp:127.0.0.1:3121
targets -set -filter {jtag_cable_name =~ "Digilent Nexys Video 210276689899B" && level==0} -index 0
fpga -file C:/hdl_projects/nexys_video/project_1/project_1.sdk/hw/design_1_wrapper.bit
targets -set -nocase -filter {name =~ "microblaze*#0" && bscan=="USER2"  && jtag_cable_name =~ "Digilent Nexys Video 210276689899B"} -index 0
rst -processor
targets -set -nocase -filter {name =~ "microblaze*#0" && bscan=="USER2"  && jtag_cable_name =~ "Digilent Nexys Video 210276689899B"} -index 0
dow C:/hdl_projects/nexys_video/project_1/project_1.sdk/fmc_hdmi/Debug/fmc_hdmi.elf
----------------End of Script----------------

14:43:02 INFO  : Memory regions updated for context MicroBlaze #0
14:43:02 INFO  : Memory regions updated for context MicroBlaze #0
14:43:02 INFO  : Context for processor 'microblaze_0' is selected.
14:43:02 INFO  : 'con' command is executed.
14:43:02 INFO  : ----------------XSDB Script (After Launch)----------------
targets -set -nocase -filter {name =~ "microblaze*#0" && bscan=="USER2"  && jtag_cable_name =~ "Digilent Nexys Video 210276689899B"} -index 0
con
----------------End of Script----------------

14:43:02 INFO  : Launch script is exported to file 'C:\hdl_projects\nexys_video\project_1\project_1.sdk\.sdk\launch_scripts\xilinx_c-c++_application_(system_debugger)\system_debugger_using_debug_fmc_hdmi.elf_on_local.tcl'
15:16:26 INFO  : SDK has detected change in the last modified timestamps for source hardware specification file Source:1507990137284,  Project:1507972486097
15:16:26 INFO  : Project hw's source hardware specification located at C:\hdl_projects\nexys_video\project_1\project_1.sdk\design_1_wrapper.hdf is now different from the local copy.
		 The local copy will be replaced with the source specification and your workspace will be updated.
15:18:20 INFO  : Copied contents of C:\hdl_projects\nexys_video\project_1\project_1.sdk\design_1_wrapper.hdf into \hw\system.hdf.
15:18:22 INFO  : Synchronizing projects in the workspace with the hardware platform specification changes.
15:18:26 INFO  : 
15:18:27 INFO  : Updating hardware inferred compiler options for fmc_hdmi.
15:18:27 INFO  : Clearing existing target manager status.
15:18:28 INFO  : Closing and re-opening the MSS file of ther project fmc_hdmi_bsp
15:18:59 ERROR : Failed to closehw "C:/hdl_projects/nexys_video/project_1/project_1.sdk/hw/system.hdf"
Reason: unable to find hardware specification file/project C:/hdl_projects/nexys_video/project_1/project_1.sdk/hw/system.hdf
15:19:17 INFO  : Project 'hw' created. You can now create BSPs and application projects targeting this hardware platform.
15:20:32 INFO  : Project 'hw' created. You can now create BSPs and application projects targeting this hardware platform.
15:22:58 INFO  : Disconnected from the channel tcfchan#4.
15:22:59 INFO  : Connected to target on host '127.0.0.1' and port '3121'.
15:22:59 INFO  : Jtag cable 'Digilent Nexys Video 210276689899B' is selected.
15:22:59 INFO  : 'jtag frequency' command is executed.
15:22:59 INFO  : 'targets -set -filter {jtag_cable_name =~ "Digilent Nexys Video 210276689899B" && level==0} -index 0' command is executed.
15:23:00 ERROR : couldn't open "C:/hdl_projects/nexys_video/project_1/project_1.sdk/hw/design_1_wrapper.bit": no such file or directory
15:23:00 ERROR : Exception occured while running Program FPGA.
java.lang.RuntimeException: couldn't open "C:/hdl_projects/nexys_video/project_1/project_1.sdk/hw/design_1_wrapper.bit": no such file or directory
15:23:00 INFO  : ----------------XSDB Script----------------
connect -url tcp:127.0.0.1:3121
----------------End of Script----------------

15:23:58 INFO  : Project 'hw_1' created. You can now create BSPs and application projects targeting this hardware platform.
15:24:26 INFO  : 'targets -set -filter {jtag_cable_name =~ "Digilent Nexys Video 210276689899B" && level==0} -index 0' command is executed.
15:24:26 INFO  : 'fpga -state' command is executed.
15:24:26 INFO  : Connected to target on host '127.0.0.1' and port '3121'.
15:24:26 INFO  : Jtag cable 'Digilent Nexys Video 210276689899B' is selected.
15:24:26 INFO  : 'jtag frequency' command is executed.
15:24:26 INFO  : Context for processor 'microblaze_0' is selected.
15:24:26 INFO  : Processor reset is completed for 'microblaze_0'.
15:24:26 INFO  : Context for processor 'microblaze_0' is selected.
15:24:26 INFO  : The application 'C:/hdl_projects/nexys_video/project_1/project_1.sdk/fmc_hdmi/Debug/fmc_hdmi.elf' is downloaded to processor 'microblaze_0'.
15:24:26 INFO  : ----------------XSDB Script----------------
connect -url tcp:127.0.0.1:3121
targets -set -nocase -filter {name =~ "microblaze*#0" && bscan=="USER2"  && jtag_cable_name =~ "Digilent Nexys Video 210276689899B"} -index 0
rst -processor
targets -set -nocase -filter {name =~ "microblaze*#0" && bscan=="USER2"  && jtag_cable_name =~ "Digilent Nexys Video 210276689899B"} -index 0
dow C:/hdl_projects/nexys_video/project_1/project_1.sdk/fmc_hdmi/Debug/fmc_hdmi.elf
----------------End of Script----------------

15:24:26 INFO  : Memory regions updated for context MicroBlaze #0
15:24:26 INFO  : Memory regions updated for context MicroBlaze #0
15:24:26 INFO  : Context for processor 'microblaze_0' is selected.
15:24:26 INFO  : 'con' command is executed.
15:24:26 INFO  : ----------------XSDB Script (After Launch)----------------
targets -set -nocase -filter {name =~ "microblaze*#0" && bscan=="USER2"  && jtag_cable_name =~ "Digilent Nexys Video 210276689899B"} -index 0
con
----------------End of Script----------------

15:24:26 INFO  : Launch script is exported to file 'C:\hdl_projects\nexys_video\project_1\project_1.sdk\.sdk\launch_scripts\xilinx_c-c++_application_(system_debugger)\system_debugger_using_debug_fmc_hdmi.elf_on_local.tcl'
15:25:07 INFO  : Disconnected from the channel tcfchan#5.
15:25:08 INFO  : 'targets -set -filter {jtag_cable_name =~ "Digilent Nexys Video 210276689899B" && level==0} -index 0' command is executed.
15:25:08 INFO  : 'fpga -state' command is executed.
15:25:08 INFO  : Connected to target on host '127.0.0.1' and port '3121'.
15:25:08 INFO  : Jtag cable 'Digilent Nexys Video 210276689899B' is selected.
15:25:08 INFO  : 'jtag frequency' command is executed.
15:25:08 INFO  : Context for processor 'microblaze_0' is selected.
15:25:08 INFO  : Processor reset is completed for 'microblaze_0'.
15:25:08 INFO  : Context for processor 'microblaze_0' is selected.
15:25:08 INFO  : The application 'C:/hdl_projects/nexys_video/project_1/project_1.sdk/fmc_hdmi/Debug/fmc_hdmi.elf' is downloaded to processor 'microblaze_0'.
15:25:08 INFO  : ----------------XSDB Script----------------
connect -url tcp:127.0.0.1:3121
targets -set -nocase -filter {name =~ "microblaze*#0" && bscan=="USER2"  && jtag_cable_name =~ "Digilent Nexys Video 210276689899B"} -index 0
rst -processor
targets -set -nocase -filter {name =~ "microblaze*#0" && bscan=="USER2"  && jtag_cable_name =~ "Digilent Nexys Video 210276689899B"} -index 0
dow C:/hdl_projects/nexys_video/project_1/project_1.sdk/fmc_hdmi/Debug/fmc_hdmi.elf
----------------End of Script----------------

15:25:08 INFO  : Memory regions updated for context MicroBlaze #0
15:25:08 INFO  : Memory regions updated for context MicroBlaze #0
15:25:08 INFO  : Context for processor 'microblaze_0' is selected.
15:25:08 INFO  : 'con' command is executed.
15:25:08 INFO  : ----------------XSDB Script (After Launch)----------------
targets -set -nocase -filter {name =~ "microblaze*#0" && bscan=="USER2"  && jtag_cable_name =~ "Digilent Nexys Video 210276689899B"} -index 0
con
----------------End of Script----------------

15:25:08 INFO  : Launch script is exported to file 'C:\hdl_projects\nexys_video\project_1\project_1.sdk\.sdk\launch_scripts\xilinx_c-c++_application_(system_debugger)\system_debugger_using_debug_fmc_hdmi.elf_on_local.tcl'
15:32:56 INFO  : Disconnected from the channel tcfchan#6.
15:32:57 INFO  : 'targets -set -filter {jtag_cable_name =~ "Digilent Nexys Video 210276689899B" && level==0} -index 0' command is executed.
15:32:57 INFO  : 'fpga -state' command is executed.
15:32:57 INFO  : Connected to target on host '127.0.0.1' and port '3121'.
15:32:57 INFO  : Jtag cable 'Digilent Nexys Video 210276689899B' is selected.
15:32:57 INFO  : 'jtag frequency' command is executed.
15:32:57 INFO  : Context for processor 'microblaze_0' is selected.
15:32:57 INFO  : Processor reset is completed for 'microblaze_0'.
15:32:57 INFO  : Context for processor 'microblaze_0' is selected.
15:32:57 INFO  : The application 'C:/hdl_projects/nexys_video/project_1/project_1.sdk/fmc_hdmi/Debug/fmc_hdmi.elf' is downloaded to processor 'microblaze_0'.
15:32:57 INFO  : ----------------XSDB Script----------------
connect -url tcp:127.0.0.1:3121
targets -set -nocase -filter {name =~ "microblaze*#0" && bscan=="USER2"  && jtag_cable_name =~ "Digilent Nexys Video 210276689899B"} -index 0
rst -processor
targets -set -nocase -filter {name =~ "microblaze*#0" && bscan=="USER2"  && jtag_cable_name =~ "Digilent Nexys Video 210276689899B"} -index 0
dow C:/hdl_projects/nexys_video/project_1/project_1.sdk/fmc_hdmi/Debug/fmc_hdmi.elf
----------------End of Script----------------

15:32:57 INFO  : Memory regions updated for context MicroBlaze #0
15:32:57 INFO  : Memory regions updated for context MicroBlaze #0
15:32:57 INFO  : Context for processor 'microblaze_0' is selected.
15:32:57 INFO  : 'con' command is executed.
15:32:57 INFO  : ----------------XSDB Script (After Launch)----------------
targets -set -nocase -filter {name =~ "microblaze*#0" && bscan=="USER2"  && jtag_cable_name =~ "Digilent Nexys Video 210276689899B"} -index 0
con
----------------End of Script----------------

15:32:57 INFO  : Launch script is exported to file 'C:\hdl_projects\nexys_video\project_1\project_1.sdk\.sdk\launch_scripts\xilinx_c-c++_application_(system_debugger)\system_debugger_using_debug_fmc_hdmi.elf_on_local.tcl'
15:37:52 INFO  : Disconnected from the channel tcfchan#7.
15:37:53 INFO  : 'targets -set -filter {jtag_cable_name =~ "Digilent Nexys Video 210276689899B" && level==0} -index 0' command is executed.
15:37:53 INFO  : 'fpga -state' command is executed.
15:37:53 INFO  : Connected to target on host '127.0.0.1' and port '3121'.
15:37:54 INFO  : Jtag cable 'Digilent Nexys Video 210276689899B' is selected.
15:37:54 INFO  : 'jtag frequency' command is executed.
15:37:54 INFO  : Context for processor 'microblaze_0' is selected.
15:37:54 INFO  : Processor reset is completed for 'microblaze_0'.
15:37:54 INFO  : Context for processor 'microblaze_0' is selected.
15:37:54 INFO  : The application 'C:/hdl_projects/nexys_video/project_1/project_1.sdk/fmc_hdmi/Debug/fmc_hdmi.elf' is downloaded to processor 'microblaze_0'.
15:37:54 INFO  : ----------------XSDB Script----------------
connect -url tcp:127.0.0.1:3121
targets -set -nocase -filter {name =~ "microblaze*#0" && bscan=="USER2"  && jtag_cable_name =~ "Digilent Nexys Video 210276689899B"} -index 0
rst -processor
targets -set -nocase -filter {name =~ "microblaze*#0" && bscan=="USER2"  && jtag_cable_name =~ "Digilent Nexys Video 210276689899B"} -index 0
dow C:/hdl_projects/nexys_video/project_1/project_1.sdk/fmc_hdmi/Debug/fmc_hdmi.elf
----------------End of Script----------------

15:37:54 INFO  : Memory regions updated for context MicroBlaze #0
15:37:54 INFO  : Memory regions updated for context MicroBlaze #0
15:37:54 INFO  : Context for processor 'microblaze_0' is selected.
15:37:54 INFO  : 'con' command is executed.
15:37:54 INFO  : ----------------XSDB Script (After Launch)----------------
targets -set -nocase -filter {name =~ "microblaze*#0" && bscan=="USER2"  && jtag_cable_name =~ "Digilent Nexys Video 210276689899B"} -index 0
con
----------------End of Script----------------

15:37:54 INFO  : Launch script is exported to file 'C:\hdl_projects\nexys_video\project_1\project_1.sdk\.sdk\launch_scripts\xilinx_c-c++_application_(system_debugger)\system_debugger_using_debug_fmc_hdmi.elf_on_local.tcl'
15:54:14 INFO  : Project 'hw_2' created. You can now create BSPs and application projects targeting this hardware platform.
15:54:36 INFO  : Disconnected from the channel tcfchan#8.
15:55:07 INFO  : Connected to target on host '127.0.0.1' and port '3121'.
15:55:08 INFO  : Jtag cable 'Digilent Nexys Video 210276689899B' is selected.
15:55:08 INFO  : 'jtag frequency' command is executed.
15:55:08 INFO  : 'targets -set -filter {jtag_cable_name =~ "Digilent Nexys Video 210276689899B" && level==0} -index 0' command is executed.
15:55:13 INFO  : FPGA configured successfully with bitstream "C:/hdl_projects/nexys_video/project_1/project_1.sdk/hw_2/design_1_wrapper.bit"
15:55:14 INFO  : Context for processor 'microblaze_0' is selected.
15:55:14 INFO  : Processor reset is completed for 'microblaze_0'.
15:55:14 INFO  : Context for processor 'microblaze_0' is selected.
15:55:14 INFO  : The application 'C:/hdl_projects/nexys_video/project_1/project_1.sdk/fmc_hdmi/Debug/fmc_hdmi.elf' is downloaded to processor 'microblaze_0'.
15:55:14 INFO  : ----------------XSDB Script----------------
connect -url tcp:127.0.0.1:3121
targets -set -filter {jtag_cable_name =~ "Digilent Nexys Video 210276689899B" && level==0} -index 0
fpga -file C:/hdl_projects/nexys_video/project_1/project_1.sdk/hw_2/design_1_wrapper.bit
targets -set -nocase -filter {name =~ "microblaze*#0" && bscan=="USER2"  && jtag_cable_name =~ "Digilent Nexys Video 210276689899B"} -index 0
rst -processor
targets -set -nocase -filter {name =~ "microblaze*#0" && bscan=="USER2"  && jtag_cable_name =~ "Digilent Nexys Video 210276689899B"} -index 0
dow C:/hdl_projects/nexys_video/project_1/project_1.sdk/fmc_hdmi/Debug/fmc_hdmi.elf
----------------End of Script----------------

15:55:14 INFO  : Memory regions updated for context MicroBlaze #0
15:55:14 INFO  : Memory regions updated for context MicroBlaze #0
15:55:14 INFO  : Context for processor 'microblaze_0' is selected.
15:55:14 INFO  : 'con' command is executed.
15:55:14 INFO  : ----------------XSDB Script (After Launch)----------------
targets -set -nocase -filter {name =~ "microblaze*#0" && bscan=="USER2"  && jtag_cable_name =~ "Digilent Nexys Video 210276689899B"} -index 0
con
----------------End of Script----------------

15:55:14 INFO  : Launch script is exported to file 'C:\hdl_projects\nexys_video\project_1\project_1.sdk\.sdk\launch_scripts\xilinx_c-c++_application_(system_debugger)\system_debugger_using_debug_fmc_hdmi.elf_on_local.tcl'
18:08:38 INFO  : Disconnected from the channel tcfchan#9.
18:08:39 INFO  : Connected to target on host '127.0.0.1' and port '3121'.
18:08:39 INFO  : Jtag cable 'Digilent Nexys Video 210276689899B' is selected.
18:08:39 INFO  : 'jtag frequency' command is executed.
18:08:39 INFO  : 'targets -set -filter {jtag_cable_name =~ "Digilent Nexys Video 210276689899B" && level==0} -index 0' command is executed.
18:08:45 INFO  : FPGA configured successfully with bitstream "C:/hdl_projects/nexys_video/project_1/project_1.sdk/hw_2/design_1_wrapper.bit"
18:08:45 INFO  : Context for processor 'microblaze_0' is selected.
18:08:45 INFO  : Processor reset is completed for 'microblaze_0'.
18:08:45 INFO  : Context for processor 'microblaze_0' is selected.
18:08:45 INFO  : The application 'C:/hdl_projects/nexys_video/project_1/project_1.sdk/fmc_hdmi/Debug/fmc_hdmi.elf' is downloaded to processor 'microblaze_0'.
18:08:45 INFO  : ----------------XSDB Script----------------
connect -url tcp:127.0.0.1:3121
targets -set -filter {jtag_cable_name =~ "Digilent Nexys Video 210276689899B" && level==0} -index 0
fpga -file C:/hdl_projects/nexys_video/project_1/project_1.sdk/hw_2/design_1_wrapper.bit
targets -set -nocase -filter {name =~ "microblaze*#0" && bscan=="USER2"  && jtag_cable_name =~ "Digilent Nexys Video 210276689899B"} -index 0
rst -processor
targets -set -nocase -filter {name =~ "microblaze*#0" && bscan=="USER2"  && jtag_cable_name =~ "Digilent Nexys Video 210276689899B"} -index 0
dow C:/hdl_projects/nexys_video/project_1/project_1.sdk/fmc_hdmi/Debug/fmc_hdmi.elf
----------------End of Script----------------

18:08:45 INFO  : Memory regions updated for context MicroBlaze #0
18:08:45 INFO  : Memory regions updated for context MicroBlaze #0
18:08:45 INFO  : Context for processor 'microblaze_0' is selected.
18:08:45 INFO  : 'con' command is executed.
18:08:45 INFO  : ----------------XSDB Script (After Launch)----------------
targets -set -nocase -filter {name =~ "microblaze*#0" && bscan=="USER2"  && jtag_cable_name =~ "Digilent Nexys Video 210276689899B"} -index 0
con
----------------End of Script----------------

18:08:45 INFO  : Launch script is exported to file 'C:\hdl_projects\nexys_video\project_1\project_1.sdk\.sdk\launch_scripts\xilinx_c-c++_application_(system_debugger)\system_debugger_using_debug_fmc_hdmi.elf_on_local.tcl'
18:43:53 INFO  : Disconnected from the channel tcfchan#10.
18:43:54 INFO  : Connected to target on host '127.0.0.1' and port '3121'.
18:43:54 INFO  : Jtag cable 'Digilent Nexys Video 210276689899B' is selected.
18:43:54 INFO  : 'jtag frequency' command is executed.
18:43:54 INFO  : 'targets -set -filter {jtag_cable_name =~ "Digilent Nexys Video 210276689899B" && level==0} -index 0' command is executed.
18:44:00 INFO  : FPGA configured successfully with bitstream "C:/hdl_projects/nexys_video/project_1/project_1.sdk/hw_2/design_1_wrapper.bit"
18:44:00 INFO  : Context for processor 'microblaze_0' is selected.
18:44:00 INFO  : Processor reset is completed for 'microblaze_0'.
18:44:00 INFO  : Context for processor 'microblaze_0' is selected.
18:44:00 INFO  : The application 'C:/hdl_projects/nexys_video/project_1/project_1.sdk/fmc_hdmi/Debug/fmc_hdmi.elf' is downloaded to processor 'microblaze_0'.
18:44:00 INFO  : ----------------XSDB Script----------------
connect -url tcp:127.0.0.1:3121
targets -set -filter {jtag_cable_name =~ "Digilent Nexys Video 210276689899B" && level==0} -index 0
fpga -file C:/hdl_projects/nexys_video/project_1/project_1.sdk/hw_2/design_1_wrapper.bit
targets -set -nocase -filter {name =~ "microblaze*#0" && bscan=="USER2"  && jtag_cable_name =~ "Digilent Nexys Video 210276689899B"} -index 0
rst -processor
targets -set -nocase -filter {name =~ "microblaze*#0" && bscan=="USER2"  && jtag_cable_name =~ "Digilent Nexys Video 210276689899B"} -index 0
dow C:/hdl_projects/nexys_video/project_1/project_1.sdk/fmc_hdmi/Debug/fmc_hdmi.elf
----------------End of Script----------------

18:44:00 INFO  : Memory regions updated for context MicroBlaze #0
18:44:00 INFO  : Memory regions updated for context MicroBlaze #0
18:44:00 INFO  : Context for processor 'microblaze_0' is selected.
18:44:00 INFO  : 'con' command is executed.
18:44:00 INFO  : ----------------XSDB Script (After Launch)----------------
targets -set -nocase -filter {name =~ "microblaze*#0" && bscan=="USER2"  && jtag_cable_name =~ "Digilent Nexys Video 210276689899B"} -index 0
con
----------------End of Script----------------

18:44:00 INFO  : Launch script is exported to file 'C:\hdl_projects\nexys_video\project_1\project_1.sdk\.sdk\launch_scripts\xilinx_c-c++_application_(system_debugger)\system_debugger_using_debug_fmc_hdmi.elf_on_local.tcl'
19:45:54 INFO  : Disconnected from the channel tcfchan#11.
19:45:55 INFO  : Connected to target on host '127.0.0.1' and port '3121'.
19:45:55 INFO  : Jtag cable 'Digilent Nexys Video 210276689899B' is selected.
19:45:55 INFO  : 'jtag frequency' command is executed.
19:45:55 INFO  : 'targets -set -filter {jtag_cable_name =~ "Digilent Nexys Video 210276689899B" && level==0} -index 0' command is executed.
19:46:01 INFO  : FPGA configured successfully with bitstream "C:/hdl_projects/nexys_video/project_1/project_1.sdk/hw_2/design_1_wrapper.bit"
19:46:01 INFO  : Context for processor 'microblaze_0' is selected.
19:46:01 INFO  : Processor reset is completed for 'microblaze_0'.
19:46:01 INFO  : Context for processor 'microblaze_0' is selected.
19:46:01 INFO  : The application 'C:/hdl_projects/nexys_video/project_1/project_1.sdk/fmc_hdmi/Debug/fmc_hdmi.elf' is downloaded to processor 'microblaze_0'.
19:46:01 INFO  : ----------------XSDB Script----------------
connect -url tcp:127.0.0.1:3121
targets -set -filter {jtag_cable_name =~ "Digilent Nexys Video 210276689899B" && level==0} -index 0
fpga -file C:/hdl_projects/nexys_video/project_1/project_1.sdk/hw_2/design_1_wrapper.bit
targets -set -nocase -filter {name =~ "microblaze*#0" && bscan=="USER2"  && jtag_cable_name =~ "Digilent Nexys Video 210276689899B"} -index 0
rst -processor
targets -set -nocase -filter {name =~ "microblaze*#0" && bscan=="USER2"  && jtag_cable_name =~ "Digilent Nexys Video 210276689899B"} -index 0
dow C:/hdl_projects/nexys_video/project_1/project_1.sdk/fmc_hdmi/Debug/fmc_hdmi.elf
----------------End of Script----------------

19:46:01 INFO  : Memory regions updated for context MicroBlaze #0
19:46:01 INFO  : Memory regions updated for context MicroBlaze #0
19:46:01 INFO  : Context for processor 'microblaze_0' is selected.
19:46:01 INFO  : 'con' command is executed.
19:46:01 INFO  : ----------------XSDB Script (After Launch)----------------
targets -set -nocase -filter {name =~ "microblaze*#0" && bscan=="USER2"  && jtag_cable_name =~ "Digilent Nexys Video 210276689899B"} -index 0
con
----------------End of Script----------------

19:46:01 INFO  : Launch script is exported to file 'C:\hdl_projects\nexys_video\project_1\project_1.sdk\.sdk\launch_scripts\xilinx_c-c++_application_(system_debugger)\system_debugger_using_debug_fmc_hdmi.elf_on_local.tcl'
19:50:23 INFO  : Disconnected from the channel tcfchan#12.
19:50:24 INFO  : Connected to target on host '127.0.0.1' and port '3121'.
19:50:24 INFO  : Jtag cable 'Digilent Nexys Video 210276689899B' is selected.
19:50:24 INFO  : 'jtag frequency' command is executed.
19:50:24 INFO  : 'targets -set -filter {jtag_cable_name =~ "Digilent Nexys Video 210276689899B" && level==0} -index 0' command is executed.
19:50:30 INFO  : FPGA configured successfully with bitstream "C:/hdl_projects/nexys_video/project_1/project_1.sdk/hw_2/design_1_wrapper.bit"
19:50:30 INFO  : Context for processor 'microblaze_0' is selected.
19:50:30 INFO  : Processor reset is completed for 'microblaze_0'.
19:50:30 INFO  : Context for processor 'microblaze_0' is selected.
19:50:30 INFO  : The application 'C:/hdl_projects/nexys_video/project_1/project_1.sdk/fmc_hdmi/Debug/fmc_hdmi.elf' is downloaded to processor 'microblaze_0'.
19:50:30 INFO  : ----------------XSDB Script----------------
connect -url tcp:127.0.0.1:3121
targets -set -filter {jtag_cable_name =~ "Digilent Nexys Video 210276689899B" && level==0} -index 0
fpga -file C:/hdl_projects/nexys_video/project_1/project_1.sdk/hw_2/design_1_wrapper.bit
targets -set -nocase -filter {name =~ "microblaze*#0" && bscan=="USER2"  && jtag_cable_name =~ "Digilent Nexys Video 210276689899B"} -index 0
rst -processor
targets -set -nocase -filter {name =~ "microblaze*#0" && bscan=="USER2"  && jtag_cable_name =~ "Digilent Nexys Video 210276689899B"} -index 0
dow C:/hdl_projects/nexys_video/project_1/project_1.sdk/fmc_hdmi/Debug/fmc_hdmi.elf
----------------End of Script----------------

19:50:30 INFO  : Memory regions updated for context MicroBlaze #0
19:50:30 INFO  : Memory regions updated for context MicroBlaze #0
19:50:30 INFO  : Context for processor 'microblaze_0' is selected.
19:50:30 INFO  : 'con' command is executed.
19:50:30 INFO  : ----------------XSDB Script (After Launch)----------------
targets -set -nocase -filter {name =~ "microblaze*#0" && bscan=="USER2"  && jtag_cable_name =~ "Digilent Nexys Video 210276689899B"} -index 0
con
----------------End of Script----------------

19:50:30 INFO  : Launch script is exported to file 'C:\hdl_projects\nexys_video\project_1\project_1.sdk\.sdk\launch_scripts\xilinx_c-c++_application_(system_debugger)\system_debugger_using_debug_fmc_hdmi.elf_on_local.tcl'
19:52:11 INFO  : Disconnected from the channel tcfchan#13.
19:52:12 INFO  : Connected to target on host '127.0.0.1' and port '3121'.
19:52:12 INFO  : Jtag cable 'Digilent Nexys Video 210276689899B' is selected.
19:52:12 INFO  : 'jtag frequency' command is executed.
19:52:12 INFO  : 'targets -set -filter {jtag_cable_name =~ "Digilent Nexys Video 210276689899B" && level==0} -index 0' command is executed.
19:52:18 INFO  : FPGA configured successfully with bitstream "C:/hdl_projects/nexys_video/project_1/project_1.sdk/hw_2/design_1_wrapper.bit"
19:52:18 INFO  : Context for processor 'microblaze_0' is selected.
19:52:18 INFO  : Processor reset is completed for 'microblaze_0'.
19:52:18 INFO  : Context for processor 'microblaze_0' is selected.
19:52:18 INFO  : The application 'C:/hdl_projects/nexys_video/project_1/project_1.sdk/fmc_hdmi/Debug/fmc_hdmi.elf' is downloaded to processor 'microblaze_0'.
19:52:18 INFO  : ----------------XSDB Script----------------
connect -url tcp:127.0.0.1:3121
targets -set -filter {jtag_cable_name =~ "Digilent Nexys Video 210276689899B" && level==0} -index 0
fpga -file C:/hdl_projects/nexys_video/project_1/project_1.sdk/hw_2/design_1_wrapper.bit
targets -set -nocase -filter {name =~ "microblaze*#0" && bscan=="USER2"  && jtag_cable_name =~ "Digilent Nexys Video 210276689899B"} -index 0
rst -processor
targets -set -nocase -filter {name =~ "microblaze*#0" && bscan=="USER2"  && jtag_cable_name =~ "Digilent Nexys Video 210276689899B"} -index 0
dow C:/hdl_projects/nexys_video/project_1/project_1.sdk/fmc_hdmi/Debug/fmc_hdmi.elf
----------------End of Script----------------

19:52:18 INFO  : Memory regions updated for context MicroBlaze #0
19:52:18 INFO  : Memory regions updated for context MicroBlaze #0
19:52:18 INFO  : Context for processor 'microblaze_0' is selected.
19:52:18 INFO  : 'con' command is executed.
19:52:18 INFO  : ----------------XSDB Script (After Launch)----------------
targets -set -nocase -filter {name =~ "microblaze*#0" && bscan=="USER2"  && jtag_cable_name =~ "Digilent Nexys Video 210276689899B"} -index 0
con
----------------End of Script----------------

19:52:18 INFO  : Launch script is exported to file 'C:\hdl_projects\nexys_video\project_1\project_1.sdk\.sdk\launch_scripts\xilinx_c-c++_application_(system_debugger)\system_debugger_using_debug_fmc_hdmi.elf_on_local.tcl'
19:55:00 INFO  : Disconnected from the channel tcfchan#14.
19:55:03 ERROR : Unexpected error while parsing XMD response ?: com.google.gson.JsonSyntaxException: com.google.gson.stream.MalformedJsonException: invalid number or unquoted string near 
09:59:22 INFO  : Registering command handlers for SDK TCF services
09:59:22 INFO  : Launching XSCT server: xsct.bat -interactive C:\hdl_projects\nexys_video\project_1\project_1.sdk\temp_xsdb_launch_script.tcl
09:59:24 INFO  : XSCT server has started successfully.
09:59:28 INFO  : Successfully done setting XSCT server connection channel  
09:59:28 INFO  : Successfully done setting SDK workspace  
10:01:44 INFO  : Connected to target on host '127.0.0.1' and port '3121'.
10:01:44 INFO  : Jtag cable 'Digilent Nexys Video 210276689899B' is selected.
10:01:44 INFO  : 'jtag frequency' command is executed.
10:01:44 INFO  : 'targets -set -filter {jtag_cable_name =~ "Digilent Nexys Video 210276689899B" && level==0} -index 0' command is executed.
10:01:50 INFO  : FPGA configured successfully with bitstream "C:/hdl_projects/nexys_video/project_1/project_1.sdk/hw_2/design_1_wrapper.bit"
10:01:50 INFO  : Context for processor 'microblaze_0' is selected.
10:01:50 INFO  : Processor reset is completed for 'microblaze_0'.
10:01:50 INFO  : Context for processor 'microblaze_0' is selected.
10:01:50 INFO  : The application 'C:/hdl_projects/nexys_video/project_1/project_1.sdk/fmc_hdmi/Debug/fmc_hdmi.elf' is downloaded to processor 'microblaze_0'.
10:01:50 INFO  : ----------------XSDB Script----------------
connect -url tcp:127.0.0.1:3121
targets -set -filter {jtag_cable_name =~ "Digilent Nexys Video 210276689899B" && level==0} -index 0
fpga -file C:/hdl_projects/nexys_video/project_1/project_1.sdk/hw_2/design_1_wrapper.bit
targets -set -nocase -filter {name =~ "microblaze*#0" && bscan=="USER2"  && jtag_cable_name =~ "Digilent Nexys Video 210276689899B"} -index 0
rst -processor
targets -set -nocase -filter {name =~ "microblaze*#0" && bscan=="USER2"  && jtag_cable_name =~ "Digilent Nexys Video 210276689899B"} -index 0
dow C:/hdl_projects/nexys_video/project_1/project_1.sdk/fmc_hdmi/Debug/fmc_hdmi.elf
----------------End of Script----------------

10:01:50 INFO  : Memory regions updated for context MicroBlaze #0
10:01:50 INFO  : Memory regions updated for context MicroBlaze #0
10:01:50 INFO  : Context for processor 'microblaze_0' is selected.
10:01:50 INFO  : 'con' command is executed.
10:01:50 INFO  : ----------------XSDB Script (After Launch)----------------
targets -set -nocase -filter {name =~ "microblaze*#0" && bscan=="USER2"  && jtag_cable_name =~ "Digilent Nexys Video 210276689899B"} -index 0
con
----------------End of Script----------------

10:01:50 INFO  : Launch script is exported to file 'C:\hdl_projects\nexys_video\project_1\project_1.sdk\.sdk\launch_scripts\xilinx_c-c++_application_(system_debugger)\system_debugger_using_debug_fmc_hdmi.elf_on_local.tcl'
10:02:45 INFO  : Disconnected from the channel tcfchan#1.
10:02:46 INFO  : Connected to target on host '127.0.0.1' and port '3121'.
10:02:46 INFO  : Jtag cable 'Digilent Nexys Video 210276689899B' is selected.
10:02:46 INFO  : 'jtag frequency' command is executed.
10:02:46 INFO  : 'targets -set -filter {jtag_cable_name =~ "Digilent Nexys Video 210276689899B" && level==0} -index 0' command is executed.
10:02:52 INFO  : FPGA configured successfully with bitstream "C:/hdl_projects/nexys_video/project_1/project_1.sdk/hw_2/design_1_wrapper.bit"
10:02:52 INFO  : Context for processor 'microblaze_0' is selected.
10:02:52 INFO  : Processor reset is completed for 'microblaze_0'.
10:02:52 INFO  : Context for processor 'microblaze_0' is selected.
10:02:52 INFO  : The application 'C:/hdl_projects/nexys_video/project_1/project_1.sdk/fmc_hdmi/Debug/fmc_hdmi.elf' is downloaded to processor 'microblaze_0'.
10:02:52 INFO  : ----------------XSDB Script----------------
connect -url tcp:127.0.0.1:3121
targets -set -filter {jtag_cable_name =~ "Digilent Nexys Video 210276689899B" && level==0} -index 0
fpga -file C:/hdl_projects/nexys_video/project_1/project_1.sdk/hw_2/design_1_wrapper.bit
targets -set -nocase -filter {name =~ "microblaze*#0" && bscan=="USER2"  && jtag_cable_name =~ "Digilent Nexys Video 210276689899B"} -index 0
rst -processor
targets -set -nocase -filter {name =~ "microblaze*#0" && bscan=="USER2"  && jtag_cable_name =~ "Digilent Nexys Video 210276689899B"} -index 0
dow C:/hdl_projects/nexys_video/project_1/project_1.sdk/fmc_hdmi/Debug/fmc_hdmi.elf
----------------End of Script----------------

10:02:52 INFO  : Memory regions updated for context MicroBlaze #0
10:02:52 INFO  : Memory regions updated for context MicroBlaze #0
10:02:52 INFO  : Context for processor 'microblaze_0' is selected.
10:02:52 INFO  : 'con' command is executed.
10:02:52 INFO  : ----------------XSDB Script (After Launch)----------------
targets -set -nocase -filter {name =~ "microblaze*#0" && bscan=="USER2"  && jtag_cable_name =~ "Digilent Nexys Video 210276689899B"} -index 0
con
----------------End of Script----------------

10:02:52 INFO  : Launch script is exported to file 'C:\hdl_projects\nexys_video\project_1\project_1.sdk\.sdk\launch_scripts\xilinx_c-c++_application_(system_debugger)\system_debugger_using_debug_fmc_hdmi.elf_on_local.tcl'
10:06:57 INFO  : Disconnected from the channel tcfchan#2.
10:06:58 INFO  : Connected to target on host '127.0.0.1' and port '3121'.
10:06:58 INFO  : Jtag cable 'Digilent Nexys Video 210276689899B' is selected.
10:06:58 INFO  : 'jtag frequency' command is executed.
10:06:58 INFO  : 'targets -set -filter {jtag_cable_name =~ "Digilent Nexys Video 210276689899B" && level==0} -index 0' command is executed.
10:07:04 INFO  : FPGA configured successfully with bitstream "C:/hdl_projects/nexys_video/project_1/project_1.sdk/hw_2/design_1_wrapper.bit"
10:07:04 INFO  : Context for processor 'microblaze_0' is selected.
10:07:04 INFO  : Processor reset is completed for 'microblaze_0'.
10:07:04 INFO  : Context for processor 'microblaze_0' is selected.
10:07:04 INFO  : The application 'C:/hdl_projects/nexys_video/project_1/project_1.sdk/fmc_hdmi/Debug/fmc_hdmi.elf' is downloaded to processor 'microblaze_0'.
10:07:04 INFO  : ----------------XSDB Script----------------
connect -url tcp:127.0.0.1:3121
targets -set -filter {jtag_cable_name =~ "Digilent Nexys Video 210276689899B" && level==0} -index 0
fpga -file C:/hdl_projects/nexys_video/project_1/project_1.sdk/hw_2/design_1_wrapper.bit
targets -set -nocase -filter {name =~ "microblaze*#0" && bscan=="USER2"  && jtag_cable_name =~ "Digilent Nexys Video 210276689899B"} -index 0
rst -processor
targets -set -nocase -filter {name =~ "microblaze*#0" && bscan=="USER2"  && jtag_cable_name =~ "Digilent Nexys Video 210276689899B"} -index 0
dow C:/hdl_projects/nexys_video/project_1/project_1.sdk/fmc_hdmi/Debug/fmc_hdmi.elf
----------------End of Script----------------

10:07:04 INFO  : Memory regions updated for context MicroBlaze #0
10:07:04 INFO  : Memory regions updated for context MicroBlaze #0
10:07:04 INFO  : Context for processor 'microblaze_0' is selected.
10:07:04 INFO  : 'con' command is executed.
10:07:04 INFO  : ----------------XSDB Script (After Launch)----------------
targets -set -nocase -filter {name =~ "microblaze*#0" && bscan=="USER2"  && jtag_cable_name =~ "Digilent Nexys Video 210276689899B"} -index 0
con
----------------End of Script----------------

10:07:04 INFO  : Launch script is exported to file 'C:\hdl_projects\nexys_video\project_1\project_1.sdk\.sdk\launch_scripts\xilinx_c-c++_application_(system_debugger)\system_debugger_using_debug_fmc_hdmi.elf_on_local.tcl'
10:14:30 INFO  : Disconnected from the channel tcfchan#3.
