
*** Running vivado
    with args -log design_1_dlmb_v10_0.vds -m64 -product Vivado -mode batch -messageDb vivado.pb -notrace -source design_1_dlmb_v10_0.tcl


****** Vivado v2017.2 (64-bit)
  **** SW Build 1909853 on Thu Jun 15 18:39:09 MDT 2017
  **** IP Build 1909766 on Thu Jun 15 19:58:00 MDT 2017
    ** Copyright 1986-2017 Xilinx, Inc. All Rights Reserved.

Sourcing tcl script 'C:/Xilinx/Vivado/2017.2/scripts/Vivado_init.tcl'
0 Beta devices matching pattern found, 0 enabled.
source design_1_dlmb_v10_0.tcl -notrace
Starting RTL Elaboration : Time (s): cpu = 00:00:05 ; elapsed = 00:00:05 . Memory (MB): peak = 385.363 ; gain = 81.246
INFO: [Synth 8-638] synthesizing module 'design_1_dlmb_v10_0' [c:/hdl_projects/nexys_video/project_1/project_1.srcs/sources_1/bd/design_1/ip/design_1_dlmb_v10_0/synth/design_1_dlmb_v10_0.vhd:89]
INFO: [Synth 8-638] synthesizing module 'lmb_v10' [c:/hdl_projects/nexys_video/project_1/project_1.srcs/sources_1/bd/design_1/ipshared/162e/hdl/lmb_v10_v3_0_vh_rfs.vhd:140]
INFO: [Synth 8-638] synthesizing module 'FDS' [C:/Xilinx/Vivado/2017.2/scripts/rt/data/unisim_comp.v:4087]
INFO: [Synth 8-256] done synthesizing module 'FDS' (1#1) [C:/Xilinx/Vivado/2017.2/scripts/rt/data/unisim_comp.v:4087]
INFO: [Synth 8-256] done synthesizing module 'lmb_v10' (2#1) [c:/hdl_projects/nexys_video/project_1/project_1.srcs/sources_1/bd/design_1/ipshared/162e/hdl/lmb_v10_v3_0_vh_rfs.vhd:140]
INFO: [Synth 8-256] done synthesizing module 'design_1_dlmb_v10_0' (3#1) [c:/hdl_projects/nexys_video/project_1/project_1.srcs/sources_1/bd/design_1/ip/design_1_dlmb_v10_0/synth/design_1_dlmb_v10_0.vhd:89]
Finished RTL Elaboration : Time (s): cpu = 00:00:06 ; elapsed = 00:00:07 . Memory (MB): peak = 425.441 ; gain = 121.324
Finished RTL Optimization Phase 1 : Time (s): cpu = 00:00:06 ; elapsed = 00:00:07 . Memory (MB): peak = 425.441 ; gain = 121.324
INFO: [Device 21-403] Loading part xc7a200tsbg484-1
Constraint Validation Runtime : Time (s): cpu = 00:00:00 ; elapsed = 00:00:00.032 . Memory (MB): peak = 673.102 ; gain = 0.000
Finished Constraint Validation : Time (s): cpu = 00:00:21 ; elapsed = 00:00:23 . Memory (MB): peak = 673.102 ; gain = 368.984
Finished Loading Part and Timing Information : Time (s): cpu = 00:00:21 ; elapsed = 00:00:23 . Memory (MB): peak = 673.102 ; gain = 368.984
Finished applying 'set_property' XDC Constraints : Time (s): cpu = 00:00:21 ; elapsed = 00:00:23 . Memory (MB): peak = 673.102 ; gain = 368.984
Finished RTL Optimization Phase 2 : Time (s): cpu = 00:00:21 ; elapsed = 00:00:23 . Memory (MB): peak = 673.102 ; gain = 368.984
Finished Cross Boundary and Area Optimization : Time (s): cpu = 00:00:22 ; elapsed = 00:00:23 . Memory (MB): peak = 673.102 ; gain = 368.984
Finished Applying XDC Timing Constraints : Time (s): cpu = 00:00:37 ; elapsed = 00:00:39 . Memory (MB): peak = 697.977 ; gain = 393.859
Finished Timing Optimization : Time (s): cpu = 00:00:37 ; elapsed = 00:00:39 . Memory (MB): peak = 697.977 ; gain = 393.859
Finished Technology Mapping : Time (s): cpu = 00:00:37 ; elapsed = 00:00:39 . Memory (MB): peak = 707.117 ; gain = 403.000
Finished IO Insertion : Time (s): cpu = 00:00:38 ; elapsed = 00:00:40 . Memory (MB): peak = 707.117 ; gain = 403.000
Finished Renaming Generated Instances : Time (s): cpu = 00:00:38 ; elapsed = 00:00:40 . Memory (MB): peak = 707.117 ; gain = 403.000
Finished Rebuilding User Hierarchy : Time (s): cpu = 00:00:38 ; elapsed = 00:00:40 . Memory (MB): peak = 707.117 ; gain = 403.000
Finished Renaming Generated Ports : Time (s): cpu = 00:00:38 ; elapsed = 00:00:40 . Memory (MB): peak = 707.117 ; gain = 403.000
Finished Handling Custom Attributes : Time (s): cpu = 00:00:38 ; elapsed = 00:00:40 . Memory (MB): peak = 707.117 ; gain = 403.000
Finished Renaming Generated Nets : Time (s): cpu = 00:00:38 ; elapsed = 00:00:40 . Memory (MB): peak = 707.117 ; gain = 403.000

Report Cell Usage: 
+------+-----+------+
|      |Cell |Count |
+------+-----+------+
|1     |FDS  |     1|
+------+-----+------+
Finished Writing Synthesis Report : Time (s): cpu = 00:00:38 ; elapsed = 00:00:40 . Memory (MB): peak = 707.117 ; gain = 403.000
synth_design: Time (s): cpu = 00:00:39 ; elapsed = 00:00:42 . Memory (MB): peak = 725.336 ; gain = 422.840
